 
STEADY-STATE RESULTS:
 
c   		 1.49163
k   		 29.2885
lab 		 0.291593
z   		 0
 
MODEL SUMMARY
 
  Number of variables:         4
  Number of stochastic shocks: 1
  Number of state variables:   2
  Number of jumpers:           3
  Number of static variables:  0


MATRIX OF COVARIANCE OF EXOGENOUS SHOCKS

Variables       e    
e            1.000000
 
POLICY AND TRANSITION FUNCTIONS
                                     c               k               lab             z  
Constant                    1.491624       29.288524        0.291594               0
(correction)               -0.000002        0.000004               0               0
k(-1)                       0.027972        0.978257       -0.001831               0
z(-1)                       0.622876        1.853488        0.191284        0.950000
e                           0.004590        0.013657        0.001409        0.007000
k(-1),k(-1)                -0.000182       -0.000086        0.000025               0
z(-1),k(-1)                 0.007307        0.024441        0.000712               0
z(-1),z(-1)                 0.237404        1.157808       -0.008033               0
e,e                         0.000013        0.000063               0               0
k(-1),e                     0.000054        0.000180        0.000005               0
z(-1),e                     0.003499        0.017062       -0.000118               0


MOMENTS OF SIMULATED VARIABLES

VARIABLE      MEAN    STD. DEV.   VARIANCE   SKEWNESS   KURTOSIS 
c            1.479323   0.046110   0.002126  -0.439858   0.728338
k           28.949080   1.239493   1.536342  -0.479495   0.625101
lab          0.291397   0.004403   0.000019   0.186765   0.221353
z           -0.004308   0.025844   0.000668  -0.021547   0.583438


CORRELATION OF SIMULATED VARIABLES

VARIABLE      c       k      lab      z   
c           1.0000  0.9614  0.4107  0.7721
k           0.9614  1.0000  0.1441  0.5676
lab         0.4107  0.1441  1.0000  0.8964
z           0.7721  0.5676  0.8964  1.0000


AUTOCORRELATION OF SIMULATED VARIABLES

VARIABLE      1       2       3       4       5   
c           0.9937  0.9876  0.9806  0.9723  0.9633
k           0.9984  0.9967  0.9940  0.9903  0.9858
lab         0.9448  0.8927  0.8418  0.7855  0.7310
z           0.9605  0.9234  0.8868  0.8464  0.8071
warning: print.m: epstool binary is not available.
Some output formats are not available.
warning: called from
    __print_parse_opts__ at line 348 column 9
    print at line 260 column 8
    dyn_saveas at line 41 column 5
    stoch_simul at line 233 column 21
    GrowthApproximate at line 126 column 6
    dynare at line 120 column 1
warning: print.m: fig2dev binary is not available.
Some output formats are not available.
warning: print.m: pstoedit binary is not available.
Some output formats are not available.
error: popen2: popen2 (child): unable to start process -- No such file or directory
error: called from:
error:   /usr/local/Cellar/octave/3.6.4/share/octave/3.6.4/m/plot/private/__gnuplot_open_stream__.m at line 30, column 44
error:   /usr/local/Cellar/octave/3.6.4/share/octave/3.6.4/m/plot/__gnuplot_drawnow__.m at line 39, column 19
error:   /usr/local/Cellar/octave/3.6.4/share/octave/3.6.4/m/plot/private/__gnuplot_print__.m at line 192, column 5
error:   /usr/local/Cellar/octave/3.6.4/share/octave/3.6.4/m/plot/private/__gnuplot_print__.m at line 176, column 5
error:   /usr/local/Cellar/octave/3.6.4/share/octave/3.6.4/m/plot/private/__gnuplot_print__.m at line 68, column 7
error:   /usr/local/Cellar/octave/3.6.4/share/octave/3.6.4/m/plot/print.m at line 380, column 12
error:   /Applications/Dynare/4.3.3/matlab/dyn_saveas.m at line 41, column 5
error:   /Applications/Dynare/4.3.3/matlab/stoch_simul.m at line 233, column 21
error:   /Users/sglyon/School/NYU/NYUclasses/Sargent/Summer2013/Refs/Dynare/GrowthApproximate.m at line 126, column 6
error:   /Applications/Dynare/4.3.3/matlab/dynare.m at line 120, column 1

c           0.9937  0.9876  0.9806  0.9723  0.9633
k           0.9984  0.9967  0.9940  0.9903  0.9858
lab         0.9448  0.8927  0.8418  0.7855  0.7310
z           0.9605  0.9234  0.8868  0.8464  0.8071
warning: print.m: epstool binary is not available.
Some output formats are not available.
warning: called from
    __print_parse_opts__ at line 348 column 9
    print at line 260 column 8
    dyn_saveas at line 41 column 5
    stoch_simul at line 233 column 21
    GrowthApproximate at line 126 column 6
    dynare at line 120 column 1
warning: print.m: fig2dev binary is not available.
Some output formats are not available.
warning: print.m: pstoedit binary is not available.
Some output formats are not available.

octave:1> error: popen2: popen2 (child): unable to start process -- No such file or directory
error: called from:
error:   /usr/local/Cellar/octave/3.6.4/share/octave/3.6.4/m/plot/private/__gnuplot_open_stream__.m at line 30, column 44
error:   /usr/local/Cellar/octave/3.6.4/share/octave/3.6.4/m/plot/__gnuplot_drawnow__.m at line 72, column 19

unset multiplot;
error: 'unset' undefined near line 1 column 1

c           0.9937  0.9876  0.9806  0.9723  0.9633
k           0.9984  0.9967  0.9940  0.9903  0.9858
lab         0.9448  0.8927  0.8418  0.7855  0.7310
z           0.9605  0.9234  0.8868  0.8464  0.8071
warning: print.m: epstool binary is not available.
Some output formats are not available.
warning: called from
    __print_parse_opts__ at line 348 column 9
    print at line 260 column 8
    dyn_saveas at line 41 column 5
    stoch_simul at line 233 column 21
    GrowthApproximate at line 126 column 6
    dynare at line 120 column 1
warning: print.m: fig2dev binary is not available.
Some output formats are not available.
warning: print.m: pstoedit binary is not available.
Some output formats are not available.

octave:1> 
octave:1> quit

