99.04.08 14:10 B c:\projects\chao\bewley\aiyagari2.m <-- TomOffice C:/pub/chao/bewley aiyagari2.m
99.04.08 14:10 B c:\projects\chao\bewley\bewley99.m <-- TomOffice C:/pub/chao/bewley bewley99.m
99.04.08 14:10 B c:\projects\chao\bewley\bewley99v2.m <-- TomOffice C:/pub/chao/bewley bewley99v2.m
99.04.08 14:10 B c:\projects\chao\bewley\bewley99v2.mat <-- TomOffice C:/pub/chao/bewley bewley99v2.mat
99.04.08 14:10 B c:\projects\chao\bewley\bewleydata.mat <-- TomOffice C:/pub/chao/bewley bewleydata.mat
99.04.08 14:10 B c:\projects\chao\bewley\bewleyplot.m <-- TomOffice C:/pub/chao/bewley bewleyplot.m
99.04.08 14:10 B c:\projects\chao\bewley\bewleyplot2.m <-- TomOffice C:/pub/chao/bewley bewleyplot2.m
99.04.08 14:10 B c:\projects\chao\bewley\markovappr.m <-- TomOffice C:/pub/chao/bewley markovappr.m
99.04.08 14:10 B c:\projects\chao\bewley\readme.txt <-- TomOffice C:/pub/chao/bewley readme.txt
99.04.08 16:53 B c:\projects\chao\bewley\aiyagari2.m --> zia.stanford.edu /pub/sargent/webdocs/lsprograms/bewley aiyagari2.m
99.04.08 16:53 B c:\projects\chao\bewley\bewley99.m --> zia.stanford.edu /pub/sargent/webdocs/lsprograms/bewley bewley99.m
99.04.08 16:53 B c:\projects\chao\bewley\bewley99v2.m --> zia.stanford.edu /pub/sargent/webdocs/lsprograms/bewley bewley99v2.m
99.04.08 16:53 B c:\projects\chao\bewley\bewley99v2.mat --> zia.stanford.edu /pub/sargent/webdocs/lsprograms/bewley bewley99v2.mat
99.04.08 16:53 B c:\projects\chao\bewley\bewleydata.mat --> zia.stanford.edu /pub/sargent/webdocs/lsprograms/bewley bewleydata.mat
99.04.08 16:53 B c:\projects\chao\bewley\bewleyp1.eps --> zia.stanford.edu /pub/sargent/webdocs/lsprograms/bewley bewleyp1.eps
99.04.08 16:53 B c:\projects\chao\bewley\bewleyp1.ps --> zia.stanford.edu /pub/sargent/webdocs/lsprograms/bewley bewleyp1.ps
99.04.08 16:53 B c:\projects\chao\bewley\bewleyp2.eps --> zia.stanford.edu /pub/sargent/webdocs/lsprograms/bewley bewleyp2.eps
99.04.08 16:53 B c:\projects\chao\bewley\bewleyp3.eps --> zia.stanford.edu /pub/sargent/webdocs/lsprograms/bewley bewleyp3.eps
99.04.08 16:53 B c:\projects\chao\bewley\bewleyp3.ps --> zia.stanford.edu /pub/sargent/webdocs/lsprograms/bewley bewleyp3.ps
99.04.08 16:53 B c:\projects\chao\bewley\bewleyplot.m --> zia.stanford.edu /pub/sargent/webdocs/lsprograms/bewley bewleyplot.m
99.04.08 16:53 B c:\projects\chao\bewley\bewleyplot2.m --> zia.stanford.edu /pub/sargent/webdocs/lsprograms/bewley bewleyplot2.m
99.04.08 16:53 B c:\projects\chao\bewley\bewleyprint.m --> zia.stanford.edu /pub/sargent/webdocs/lsprograms/bewley bewleyprint.m
99.04.08 16:53 B c:\projects\chao\bewley\markovappr.m --> zia.stanford.edu /pub/sargent/webdocs/lsprograms/bewley markovappr.m
99.04.08 16:53 B c:\projects\chao\bewley\readme.txt --> zia.stanford.edu /pub/sargent/webdocs/lsprograms/bewley readme.txt
101.01.30 17:50 B d:\books\green\bewley\WS_FTP.LOG <-- zia /home/ftp/pub/sargent/webdocs/lsprograms/bewley WS_FTP.LOG
101.01.30 17:51 B d:\books\green\bewley\aiyagari2.m --> zia.stanford.edu /home/ftp/pub/sargent/webdocs/ls/bewley aiyagari2.m
101.01.30 17:51 B d:\books\green\bewley\bewley99.m --> zia.stanford.edu /home/ftp/pub/sargent/webdocs/ls/bewley bewley99.m
101.01.30 17:51 B d:\books\green\bewley\bewley99v2.m --> zia.stanford.edu /home/ftp/pub/sargent/webdocs/ls/bewley bewley99v2.m
101.01.30 17:51 B d:\books\green\bewley\bewley99v2.mat --> zia.stanford.edu /home/ftp/pub/sargent/webdocs/ls/bewley bewley99v2.mat
101.01.30 17:51 B d:\books\green\bewley\bewleydata.mat --> zia.stanford.edu /home/ftp/pub/sargent/webdocs/ls/bewley bewleydata.mat
101.01.30 17:51 B d:\books\green\bewley\bewleyp1.eps --> zia.stanford.edu /home/ftp/pub/sargent/webdocs/ls/bewley bewleyp1.eps
101.01.30 17:51 B d:\books\green\bewley\bewleyp1.ps --> zia.stanford.edu /home/ftp/pub/sargent/webdocs/ls/bewley bewleyp1.ps
101.01.30 17:51 B d:\books\green\bewley\bewleyp2.eps --> zia.stanford.edu /home/ftp/pub/sargent/webdocs/ls/bewley bewleyp2.eps
101.01.30 17:51 B d:\books\green\bewley\bewleyp3.eps --> zia.stanford.edu /home/ftp/pub/sargent/webdocs/ls/bewley bewleyp3.eps
101.01.30 17:51 B d:\books\green\bewley\bewleyp3.ps --> zia.stanford.edu /home/ftp/pub/sargent/webdocs/ls/bewley bewleyp3.ps
101.01.30 17:51 B d:\books\green\bewley\bewleyplot.m --> zia.stanford.edu /home/ftp/pub/sargent/webdocs/ls/bewley bewleyplot.m
101.01.30 17:51 B d:\books\green\bewley\bewleyplot2.m --> zia.stanford.edu /home/ftp/pub/sargent/webdocs/ls/bewley bewleyplot2.m
101.01.30 17:51 B d:\books\green\bewley\bewleyprint.m --> zia.stanford.edu /home/ftp/pub/sargent/webdocs/ls/bewley bewleyprint.m
101.01.30 17:51 B d:\books\green\bewley\markovappr.m --> zia.stanford.edu /home/ftp/pub/sargent/webdocs/ls/bewley markovappr.m
101.01.30 17:51 B d:\books\green\bewley\readme.txt --> zia.stanford.edu /home/ftp/pub/sargent/webdocs/ls/bewley readme.txt
