99.05.04 13:19 A c:\books\green\hanjag\epdata.m --> zia.stanford.edu /pub/sargent/webdocs/teaching/econ212 epdata.m
99.05.05 10:38 A c:\books\green\hanjag\epdata.m --> zia.stanford.edu /pub/sargent/hanjag epdata.m
99.05.05 10:38 A c:\books\green\hanjag\hanjagbnd.m --> zia.stanford.edu /pub/sargent/hanjag hanjagbnd.m
99.05.05 10:38 A c:\books\green\hanjag\hjbnd.m --> zia.stanford.edu /pub/sargent/hanjag hjbnd.m
99.05.05 10:38 A c:\books\green\hanjag\hjbnd2.m --> zia.stanford.edu /pub/sargent/hanjag hjbnd2.m
99.05.05 10:38 A c:\books\green\hanjag\PTIME.M --> zia.stanford.edu /pub/sargent/hanjag PTIME.M
99.05.05 10:38 A c:\books\green\hanjag\WS_FTP.LOG --> zia.stanford.edu /pub/sargent/hanjag WS_FTP.LOG
99.05.05 10:39 A c:\books\green\hanjag\epdata.m --> zia.stanford.edu /pub/sargent/webdocs/hanjag epdata.m
99.05.05 10:39 A c:\books\green\hanjag\hanjagbnd.m --> zia.stanford.edu /pub/sargent/webdocs/hanjag hanjagbnd.m
99.05.05 10:39 A c:\books\green\hanjag\hjbnd.m --> zia.stanford.edu /pub/sargent/webdocs/hanjag hjbnd.m
99.05.05 10:39 A c:\books\green\hanjag\hjbnd2.m --> zia.stanford.edu /pub/sargent/webdocs/hanjag hjbnd2.m
99.05.05 10:39 A c:\books\green\hanjag\PTIME.M --> zia.stanford.edu /pub/sargent/webdocs/hanjag PTIME.M
99.05.05 10:39 A c:\books\green\hanjag\WS_FTP.LOG --> zia.stanford.edu /pub/sargent/webdocs/hanjag WS_FTP.LOG
99.05.12 17:08 B c:\books\green\hanjag\epdata.m --> zia.stanford.edu /pub/sargent/webdocs/hanjag epdata.m
99.05.12 17:08 B c:\books\green\hanjag\hanjagbnd.m --> zia.stanford.edu /pub/sargent/webdocs/hanjag hanjagbnd.m
99.05.12 17:08 B c:\books\green\hanjag\hjbnd.m --> zia.stanford.edu /pub/sargent/webdocs/hanjag hjbnd.m
99.05.12 17:08 B c:\books\green\hanjag\hjbnd2.m --> zia.stanford.edu /pub/sargent/webdocs/hanjag hjbnd2.m
99.05.12 17:08 B c:\books\green\hanjag\PTIME.M --> zia.stanford.edu /pub/sargent/webdocs/hanjag PTIME.M
99.05.12 17:08 B c:\books\green\hanjag\WS_FTP.LOG --> zia.stanford.edu /pub/sargent/webdocs/hanjag WS_FTP.LOG
99.08.18 10:50 A c:\books\green\hanjag\epdata.m --> zia.stanford.edu /home/sargent/books/green/hanjag epdata.m
99.08.18 10:50 A c:\books\green\hanjag\hanjagbnd.m --> zia.stanford.edu /home/sargent/books/green/hanjag hanjagbnd.m
99.08.18 10:50 A c:\books\green\hanjag\hjbnd.m --> zia.stanford.edu /home/sargent/books/green/hanjag hjbnd.m
99.08.18 10:50 A c:\books\green\hanjag\hjbnd2.m --> zia.stanford.edu /home/sargent/books/green/hanjag hjbnd2.m
99.08.18 10:50 A c:\books\green\hanjag\PTIME.M --> zia.stanford.edu /home/sargent/books/green/hanjag PTIME.M
100.03.12 10:40 A D:\books\green\hanjag\WS_FTP.LOG <-- zia /home/sargent/books/green/hanjag WS_FTP.LOG
101.01.30 17:22 B d:\books\green\hanjag\epdata.m --> zia.stanford.edu /home/ftp/pub/sargent/webdocs/ljungqvistsargent/hanjag epdata.m
101.01.30 17:22 B d:\books\green\hanjag\hanjag1.eps --> zia.stanford.edu /home/ftp/pub/sargent/webdocs/ljungqvistsargent/hanjag hanjag1.eps
101.01.30 17:22 B d:\books\green\hanjag\hanjag2.eps --> zia.stanford.edu /home/ftp/pub/sargent/webdocs/ljungqvistsargent/hanjag hanjag2.eps
101.01.30 17:22 B d:\books\green\hanjag\hanjag3.eps --> zia.stanford.edu /home/ftp/pub/sargent/webdocs/ljungqvistsargent/hanjag hanjag3.eps
101.01.30 17:22 B d:\books\green\hanjag\hanjagbnd.m --> zia.stanford.edu /home/ftp/pub/sargent/webdocs/ljungqvistsargent/hanjag hanjagbnd.m
101.01.30 17:22 B d:\books\green\hanjag\hjbnd.m --> zia.stanford.edu /home/ftp/pub/sargent/webdocs/ljungqvistsargent/hanjag hjbnd.m
101.01.30 17:22 B d:\books\green\hanjag\hjbnd2.m --> zia.stanford.edu /home/ftp/pub/sargent/webdocs/ljungqvistsargent/hanjag hjbnd2.m
101.01.30 17:22 B d:\books\green\hanjag\PTIME.M --> zia.stanford.edu /home/ftp/pub/sargent/webdocs/ljungqvistsargent/hanjag PTIME.M
101.01.30 17:22 B d:\books\green\hanjag\test1 --> zia.stanford.edu /home/ftp/pub/sargent/webdocs/ljungqvistsargent/hanjag test1
