This is emTeX (tex386), Version 3.14159 [4b] (preloaded format=plain 97.6.2)  12 SEP 1999 09:04
**q3
(q3.tex (c:/emtex/texinput/etc/sargent.tex (c:/emtex/texinput/etc/fonts.tex
\bitfam=\fam8
\scfam=\fam9
\mibfam=\fam10
\bsyfam=\fam11
\scrfam=\fam12
\ttglue=\skip18
)
\yesdouble=\count26
\savebase=\skip19
\notenumber=\count27
\notebox=\box16
)
(c:/emtex/texinput/etc/grafinp3.tex (c:/emtex/texinput/etc/psfig2.tex
\@unused=\write0

psfig/tex 1.8
\fboxrule=\dimen16
\fboxsep=\dimen17
\ps@tempdima=\dimen18
\ps@tempboxa=\box17
\ps@stream=\read0
\p@intvaluex=\dimen19
\p@intvaluey=\dimen20
)
\captionsize=\dimen21
) (c:/emtex/texinput/etc/psfig.tex) [1]
psfig: searching pic1.ps for bounding box
psfig: found `(atend)'; continuing search
psfig: including pic1.ps 
[2] )
Output written on q3.dvi (2 pages, 5408 bytes).
