99.09.12 09:10 A d:\books\green\homework\q3.ps --> zia.stanford.edu /pub/sargent/webdocs/teaching q3.ps
99.09.28 17:14 A d:\books\green\homework\red1.tex <-- zia /home/sargent/books/green red1.tex
99.09.28 17:14 A d:\books\green\homework\red10.tex <-- zia /home/sargent/books/green red10.tex
99.09.28 17:14 A d:\books\green\homework\red12.tex <-- zia /home/sargent/books/green red12.tex
99.09.28 17:14 A d:\books\green\homework\red13.tex <-- zia /home/sargent/books/green red13.tex
99.09.28 17:14 A d:\books\green\homework\red14.tex <-- zia /home/sargent/books/green red14.tex
99.09.28 17:14 A d:\books\green\homework\red15.tex <-- zia /home/sargent/books/green red15.tex
99.09.28 17:14 A d:\books\green\homework\red16.tex <-- zia /home/sargent/books/green red16.tex
99.09.28 17:14 A d:\books\green\homework\red17.tex <-- zia /home/sargent/books/green red17.tex
99.09.28 17:14 A d:\books\green\homework\red18.tex <-- zia /home/sargent/books/green red18.tex
99.09.28 17:14 A d:\books\green\homework\red19.tex <-- zia /home/sargent/books/green red19.tex
99.09.28 17:14 A d:\books\green\homework\red2.tex <-- zia /home/sargent/books/green red2.tex
99.09.28 17:14 A d:\books\green\homework\red3.tex <-- zia /home/sargent/books/green red3.tex
99.09.28 17:14 A d:\books\green\homework\red4.tex <-- zia /home/sargent/books/green red4.tex
99.09.28 17:14 A d:\books\green\homework\red5.tex <-- zia /home/sargent/books/green red5.tex
99.09.28 17:14 A d:\books\green\homework\red6.tex <-- zia /home/sargent/books/green red6.tex
99.09.28 17:14 A d:\books\green\homework\red7.tex <-- zia /home/sargent/books/green red7.tex
99.09.28 17:14 A d:\books\green\homework\red8.tex <-- zia /home/sargent/books/green red8.tex
99.09.28 17:14 A d:\books\green\homework\red9.tex <-- zia /home/sargent/books/green red9.tex
99.09.28 17:14 A d:\books\green\homework\redintr.tex <-- zia /home/sargent/books/green redintr.tex
101.01.30 17:23 B d:\books\green\homework\pic1.ps --> zia.stanford.edu /home/ftp/pub/sargent/webdocs/ljungqvistsargent/homework pic1.ps
101.01.30 17:23 B d:\books\green\homework\q1.aux --> zia.stanford.edu /home/ftp/pub/sargent/webdocs/ljungqvistsargent/homework q1.aux
101.01.30 17:23 B d:\books\green\homework\q1.dvi --> zia.stanford.edu /home/ftp/pub/sargent/webdocs/ljungqvistsargent/homework q1.dvi
101.01.30 17:23 B d:\books\green\homework\q1.log --> zia.stanford.edu /home/ftp/pub/sargent/webdocs/ljungqvistsargent/homework q1.log
101.01.30 17:23 B d:\books\green\homework\q1.tex --> zia.stanford.edu /home/ftp/pub/sargent/webdocs/ljungqvistsargent/homework q1.tex
101.01.30 17:23 B d:\books\green\homework\q2.dvi --> zia.stanford.edu /home/ftp/pub/sargent/webdocs/ljungqvistsargent/homework q2.dvi
101.01.30 17:23 B d:\books\green\homework\q2.log --> zia.stanford.edu /home/ftp/pub/sargent/webdocs/ljungqvistsargent/homework q2.log
101.01.30 17:23 B d:\books\green\homework\q2.ps --> zia.stanford.edu /home/ftp/pub/sargent/webdocs/ljungqvistsargent/homework q2.ps
101.01.30 17:23 B d:\books\green\homework\q2.tex --> zia.stanford.edu /home/ftp/pub/sargent/webdocs/ljungqvistsargent/homework q2.tex
101.01.30 17:23 B d:\books\green\homework\q3.dvi --> zia.stanford.edu /home/ftp/pub/sargent/webdocs/ljungqvistsargent/homework q3.dvi
101.01.30 17:23 B d:\books\green\homework\q3.log --> zia.stanford.edu /home/ftp/pub/sargent/webdocs/ljungqvistsargent/homework q3.log
101.01.30 17:23 B d:\books\green\homework\q3.ps --> zia.stanford.edu /home/ftp/pub/sargent/webdocs/ljungqvistsargent/homework q3.ps
101.01.30 17:23 B d:\books\green\homework\q3.tex --> zia.stanford.edu /home/ftp/pub/sargent/webdocs/ljungqvistsargent/homework q3.tex
101.01.30 17:23 B d:\books\green\homework\simul.m --> zia.stanford.edu /home/ftp/pub/sargent/webdocs/ljungqvistsargent/homework simul.m
