99.04.26 17:17 A c:\books\green\hugo\hugo.m <-- azia /pub/sargent/webdocs/hugo hugo.m
99.04.26 17:17 A c:\books\green\hugo\hugo.out <-- azia /pub/sargent/webdocs/hugo hugo.out
99.04.26 17:17 A c:\books\green\hugo\hugo1a.m <-- azia /pub/sargent/webdocs/hugo hugo1a.m
99.04.26 17:17 A c:\books\green\hugo\hugofoc1.m <-- azia /pub/sargent/webdocs/hugo hugofoc1.m
99.04.26 17:17 A c:\books\green\hugo\hugorepl.ps <-- azia /pub/sargent/webdocs/hugo hugorepl.ps
99.04.26 17:17 A c:\books\green\hugo\readhugo.txt <-- azia /pub/sargent/webdocs/hugo readhugo.txt
99.04.26 17:17 A c:\books\green\hugo\valhugo.m <-- azia /pub/sargent/webdocs/hugo valhugo.m
99.08.18 10:50 A c:\books\green\hugo\hugo.m --> zia.stanford.edu /home/sargent/books/green/hugo hugo.m
99.08.18 10:50 A c:\books\green\hugo\hugo.out --> zia.stanford.edu /home/sargent/books/green/hugo hugo.out
99.08.18 10:50 A c:\books\green\hugo\hugo1a.m --> zia.stanford.edu /home/sargent/books/green/hugo hugo1a.m
99.08.18 10:50 A c:\books\green\hugo\hugofoc1.m --> zia.stanford.edu /home/sargent/books/green/hugo hugofoc1.m
99.08.18 10:50 A c:\books\green\hugo\hugorepl.ps --> zia.stanford.edu /home/sargent/books/green/hugo hugorepl.ps
99.08.18 10:50 A c:\books\green\hugo\readhugo.txt --> zia.stanford.edu /home/sargent/books/green/hugo readhugo.txt
99.08.18 10:50 A c:\books\green\hugo\valhugo.m --> zia.stanford.edu /home/sargent/books/green/hugo valhugo.m
100.03.12 10:40 A D:\books\green\hugo\WS_FTP.LOG <-- zia /home/sargent/books/green/hugo WS_FTP.LOG
101.01.30 17:18 B D:\books\green\hugo\hugo1a.m --> zia.stanford.edu /home/ftp/pub/sargent/webdocs/ljungqvistsargent hugo1a.m
101.01.30 17:23 B d:\books\green\hugo\hugo.m --> zia.stanford.edu /home/ftp/pub/sargent/webdocs/ljungqvistsargent/hugo hugo.m
101.01.30 17:23 B d:\books\green\hugo\hugo.out --> zia.stanford.edu /home/ftp/pub/sargent/webdocs/ljungqvistsargent/hugo hugo.out
101.01.30 17:23 B d:\books\green\hugo\hugo1a.m --> zia.stanford.edu /home/ftp/pub/sargent/webdocs/ljungqvistsargent/hugo hugo1a.m
101.01.30 17:23 B d:\books\green\hugo\hugofoc1.m --> zia.stanford.edu /home/ftp/pub/sargent/webdocs/ljungqvistsargent/hugo hugofoc1.m
101.01.30 17:23 B d:\books\green\hugo\hugorepl.ps --> zia.stanford.edu /home/ftp/pub/sargent/webdocs/ljungqvistsargent/hugo hugorepl.ps
101.01.30 17:23 B d:\books\green\hugo\readhugo.txt --> zia.stanford.edu /home/ftp/pub/sargent/webdocs/ljungqvistsargent/hugo readhugo.txt
101.01.30 17:23 B d:\books\green\hugo\valhugo.m --> zia.stanford.edu /home/ftp/pub/sargent/webdocs/ljungqvistsargent/hugo valhugo.m
